2024-01-09 13:02:55,632 - INFO - Product ASOS DESIGN off shoulder twist midi dress with long sleeves in black out of stock. User Notified. Message ID: 010b018cee519e41-3e5db0b9-4113-478c-b26b-46a4c264f3f4-000000
2024-01-09 13:15:21,277 - INFO - Product River Island zebra print wrap midi dress in light pink price reduced. User notified. Message ID: 010b018cee5cfed3-2ad9d9c0-1ce2-4d3d-b5c3-3d489ba02749-000000
2024-01-09 13:15:21,387 - INFO - Product ASOS DESIGN off shoulder twist midi dress with long sleeves in black back in stock. User Notified. Message ID: 010b018cee5cff6d-e36724a0-10f4-428f-a43d-d33298deb89c-000000
2024-01-09 13:15:21,433 - INFO - Product River Island zebra print wrap midi dress in light pink price reduced. User notified. Message ID: 010b018cee5cff84-d4e6821b-77c9-4864-8dcc-4f1646e8f796-000000
2024-01-09 13:15:21,576 - INFO - Product River Island zebra print wrap midi dress in light pink price reduced. User notified. Message ID: 010b018cee5d0025-b23eb889-8d83-4dc5-8b9a-bf7774118003-000000
2024-01-09 13:15:21,717 - INFO - Product River Island zebra print wrap midi dress in light pink price reduced. User notified. Message ID: 010b018cee5d009c-323e8736-4324-426d-bae8-4dad5b02f7d2-000000
2024-01-09 13:17:06,561 - INFO - Product River Island zebra print wrap midi dress in light pink price reduced. User notified. Message ID: 010b018cee5e9a35-d89ecc1b-f4cf-4ab5-b675-0fdbd1b0384a-000000
2024-01-09 13:17:06,721 - INFO - Product River Island zebra print wrap midi dress in light pink price reduced. User notified. Message ID: 010b018cee5e9adb-470c7d6a-4f45-4dc9-bd4f-55022d7b6f40-000000
2024-01-09 13:17:06,818 - INFO - Product River Island zebra print wrap midi dress in light pink price reduced. User notified. Message ID: 010b018cee5e9b5b-8f7659f3-5f3a-49f5-a1b4-ab568f252b30-000000
2024-01-09 13:17:06,923 - INFO - Product River Island zebra print wrap midi dress in light pink price reduced. User notified. Message ID: 010b018cee5e9bb4-03dec270-4225-4ed0-91fb-85b7cf234de7-000000
2024-01-09 13:23:51,372 - INFO - 
            Product River Island zebra print wrap midi dress in light pink price reduced. 
            User notified. Message ID: 010b018cee64c786-57f4fc39-525c-4e68-8135-990e48e9b10f-000000
2024-01-09 13:23:51,495 - INFO - 
            Product River Island zebra print wrap midi dress in light pink price reduced. 
            User notified. Message ID: 010b018cee64c814-b8938f4d-c6b7-4afa-9532-fc39c81a6078-000000
2024-01-09 13:23:51,619 - INFO - 
            Product River Island zebra print wrap midi dress in light pink price reduced. 
            User notified. Message ID: 010b018cee64c88c-1bfbf9a3-8851-49f1-839e-f62f00d694b5-000000
2024-01-09 13:23:51,752 - INFO - 
            Product River Island zebra print wrap midi dress in light pink price reduced. 
            User notified. Message ID: 010b018cee64c90c-d1708f56-73fb-4d30-bbfa-f80ee2333c6e-000000
2024-01-09 15:52:56,926 - INFO - 
            Product River Island zebra print wrap midi dress in light pink price reduced. 
            User notified. Message ID: 010b018ceeed470b-589532c7-c93f-4ec0-9623-33de07cebdfd-000000
2024-01-09 15:52:57,120 - INFO - 
            Product River Island zebra print wrap midi dress in light pink price reduced. 
            User notified. Message ID: 010b018ceeed477d-f98d5f49-1033-4ca2-9d0f-bd4f7df9d299-000000
2024-01-09 15:52:57,325 - INFO - 
            Product River Island zebra print wrap midi dress in light pink price reduced. 
            User notified. Message ID: 010b018ceeed4861-4238cb8b-037a-49ad-a5f1-9f6034796db3-000000
2024-01-09 15:52:57,487 - INFO - 
            Product River Island zebra print wrap midi dress in light pink price reduced. 
            User notified. Message ID: 010b018ceeed490e-6693fd2a-99a9-4faf-86ce-4a24d6813ec2-000000
